Release 14.7 - xst P.20131013 (nt64)
Copyright (c) 1995-2013 Xilinx, Inc.  All rights reserved.
--> Parameter TMPDIR set to xst/projnav.tmp


Total REAL time to Xst completion: 0.00 secs
Total CPU time to Xst completion: 0.15 secs
 
--> Parameter xsthdpdir set to xst


Total REAL time to Xst completion: 0.00 secs
Total CPU time to Xst completion: 0.16 secs
 
--> Reading design: AddRoundKey.prj

TABLE OF CONTENTS
  1) Synthesis Options Summary
  2) HDL Parsing
  3) HDL Elaboration
  4) HDL Synthesis
       4.1) HDL Synthesis Report
  5) Advanced HDL Synthesis
       5.1) Advanced HDL Synthesis Report
  6) Low Level Synthesis
  7) Partition Report
  8) Design Summary
       8.1) Primitive and Black Box Usage
       8.2) Device utilization summary
       8.3) Partition Resource Summary
       8.4) Timing Report
            8.4.1) Clock Information
            8.4.2) Asynchronous Control Signals Information
            8.4.3) Timing Summary
            8.4.4) Timing Details
            8.4.5) Cross Clock Domains Report


=========================================================================
*                      Synthesis Options Summary                        *
=========================================================================
---- Source Parameters
Input File Name                    : "AddRoundKey.prj"
Ignore Synthesis Constraint File   : NO

---- Target Parameters
Output File Name                   : "AddRoundKey"
Output Format                      : NGC
Target Device                      : xc7a100t-1-fgg676

---- Source Options
Top Module Name                    : AddRoundKey
Automatic FSM Extraction           : YES
FSM Encoding Algorithm             : Auto
Safe Implementation                : No
FSM Style                          : LUT
RAM Extraction                     : Yes
RAM Style                          : Auto
ROM Extraction                     : Yes
Shift Register Extraction          : YES
ROM Style                          : Auto
Resource Sharing                   : YES
Asynchronous To Synchronous        : NO
Shift Register Minimum Size        : 2
Use DSP Block                      : Auto
Automatic Register Balancing       : No

---- Target Options
LUT Combining                      : Auto
Reduce Control Sets                : Auto
Add IO Buffers                     : YES
Global Maximum Fanout              : 100000
Add Generic Clock Buffer(BUFG)     : 32
Register Duplication               : YES
Optimize Instantiated Primitives   : NO
Use Clock Enable                   : Auto
Use Synchronous Set                : Auto
Use Synchronous Reset              : Auto
Pack IO Registers into IOBs        : Auto
Equivalent register Removal        : YES

---- General Options
Optimization Goal                  : Speed
Optimization Effort                : 1
Power Reduction                    : NO
Keep Hierarchy                     : No
Netlist Hierarchy                  : As_Optimized
RTL Output                         : Yes
Global Optimization                : AllClockNets
Read Cores                         : YES
Write Timing Constraints           : NO
Cross Clock Analysis               : NO
Hierarchy Separator                : /
Bus Delimiter                      : <>
Case Specifier                     : Maintain
Slice Utilization Ratio            : 100
BRAM Utilization Ratio             : 100
DSP48 Utilization Ratio            : 100
Auto BRAM Packing                  : NO
Slice Utilization Ratio Delta      : 5

=========================================================================


=========================================================================
*                          HDL Parsing                                  *
=========================================================================
Parsing VHDL file "C:\Users\qiuke\Desktop\AES_V1.0\AES\AddRoundKey.vhd" into library work
Parsing entity <AddRoundKey>.
Parsing architecture <Behavioral> of entity <addroundkey>.

=========================================================================
*                            HDL Elaboration                            *
=========================================================================

Elaborating entity <AddRoundKey> (architecture <Behavioral>) from library <work>.

=========================================================================
*                           HDL Synthesis                               *
=========================================================================

Synthesizing Unit <AddRoundKey>.
    Related source file is "C:\Users\qiuke\Desktop\AES_V1.0\AES\AddRoundKey.vhd".
WARNING:Xst:647 - Input <reset> is never used. This port will be preserved and left unconnected if it belongs to a top-level block or it belongs to a sub-block and the hierarchy of this sub-block is preserved.
    Found 1-bit register for signal <valid_out>.
    Found 128-bit register for signal <data_out>.
    Summary:
	inferred 129 D-type flip-flop(s).
Unit <AddRoundKey> synthesized.

=========================================================================
HDL Synthesis Report

Macro Statistics
# Registers                                            : 2
 1-bit register                                        : 1
 128-bit register                                      : 1
# Xors                                                 : 1
 128-bit xor2                                          : 1

=========================================================================

=========================================================================
*                       Advanced HDL Synthesis                          *
=========================================================================


=========================================================================
Advanced HDL Synthesis Report

Macro Statistics
# Registers                                            : 129
 Flip-Flops                                            : 129
# Xors                                                 : 1
 128-bit xor2                                          : 1

=========================================================================

=========================================================================
*                         Low Level Synthesis                           *
=========================================================================

Optimizing unit <AddRoundKey> ...

Mapping all equations...
Building and optimizing final netlist ...
Found area constraint ratio of 100 (+ 5) on block AddRoundKey, actual ratio is 0.

Final Macro Processing ...

=========================================================================
Final Register Report

Macro Statistics
# Registers                                            : 129
 Flip-Flops                                            : 129

=========================================================================

=========================================================================
*                           Partition Report                            *
=========================================================================

Partition Implementation Status
-------------------------------

  No Partitions were found in this design.

-------------------------------

=========================================================================
*                            Design Summary                             *
=========================================================================

Top Level Output File Name         : AddRoundKey.ngc

Primitive and Black Box Usage:
------------------------------
# BELS                             : 130
#      INV                         : 1
#      LUT2                        : 129
# FlipFlops/Latches                : 129
#      FDE                         : 128
#      FDR                         : 1
# Clock Buffers                    : 1
#      BUFGP                       : 1
# IO Buffers                       : 387
#      IBUF                        : 258
#      OBUF                        : 129

Device utilization summary:
---------------------------

Selected Device : 7a100tfgg676-1 


Slice Logic Utilization: 
 Number of Slice LUTs:                  130  out of  63400     0%  
    Number used as Logic:               130  out of  63400     0%  

Slice Logic Distribution: 
 Number of LUT Flip Flop pairs used:    130
   Number with an unused Flip Flop:     130  out of    130   100%  
   Number with an unused LUT:             0  out of    130     0%  
   Number of fully used LUT-FF pairs:     0  out of    130     0%  
   Number of unique control sets:         2

IO Utilization: 
 Number of IOs:                         389
 Number of bonded IOBs:                 388  out of    300   129% (*) 
    IOB Flip Flops/Latches:             129

Specific Feature Utilization:
 Number of BUFG/BUFGCTRLs:                1  out of     32     3%  

WARNING:Xst:1336 -  (*) More than 100% of Device resources are used

---------------------------
Partition Resource Summary:
---------------------------

  No Partitions were found in this design.

---------------------------


=========================================================================
Timing Report

NOTE: THESE TIMING NUMBERS ARE ONLY A SYNTHESIS ESTIMATE.
      FOR ACCURATE TIMING INFORMATION PLEASE REFER TO THE TRACE REPORT
      GENERATED AFTER PLACE-and-ROUTE.

Clock Information:
------------------
-----------------------------------+------------------------+-------+
Clock Signal                       | Clock buffer(FF name)  | Load  |
-----------------------------------+------------------------+-------+
clk                                | BUFGP                  | 129   |
-----------------------------------+------------------------+-------+

Asynchronous Control Signals Information:
----------------------------------------
No asynchronous control signals found in this design

Timing Summary:
---------------
Speed Grade: -1

   Minimum period: No path found
   Minimum input arrival time before clock: 1.445ns
   Maximum output required time after clock: 0.877ns
   Maximum combinational path delay: No path found

Timing Details:
---------------
All values displayed in nanoseconds (ns)

=========================================================================
Timing constraint: Default OFFSET IN BEFORE for Clock 'clk'
  Total number of paths / destination ports: 514 / 258
-------------------------------------------------------------------------
Offset:              1.445ns (Levels of Logic = 2)
  Source:            data_valid_in (PAD)
  Destination:       valid_out (FF)
  Destination Clock: clk rising

  Data Path: data_valid_in to valid_out
                                Gate     Net
    Cell:in->out      fanout   Delay   Delay  Logical Name (Net Name)
    ----------------------------------------  ------------
     IBUF:I->O             2   0.001   0.405  data_valid_in_IBUF (data_valid_in_IBUF)
     INV:I->O              1   0.146   0.399  data_valid_in_inv1_INV_0 (data_valid_in_inv)
     FDR:R                     0.494          valid_out
    ----------------------------------------
    Total                      1.445ns (0.641ns logic, 0.804ns route)
                                       (44.4% logic, 55.6% route)

=========================================================================
Timing constraint: Default OFFSET OUT AFTER for Clock 'clk'
  Total number of paths / destination ports: 129 / 129
-------------------------------------------------------------------------
Offset:              0.877ns (Levels of Logic = 1)
  Source:            data_out_127 (FF)
  Destination:       data_out<127> (PAD)
  Source Clock:      clk rising

  Data Path: data_out_127 to data_out<127>
                                Gate     Net
    Cell:in->out      fanout   Delay   Delay  Logical Name (Net Name)
    ----------------------------------------  ------------
     FDE:C->Q              1   0.478   0.399  data_out_127 (data_out_127)
     OBUF:I->O                 0.000          data_out_127_OBUF (data_out<127>)
    ----------------------------------------
    Total                      0.877ns (0.478ns logic, 0.399ns route)
                                       (54.5% logic, 45.5% route)

=========================================================================

Cross Clock Domains Report:
--------------------------

=========================================================================


Total REAL time to Xst completion: 8.00 secs
Total CPU time to Xst completion: 7.71 secs
 
--> 

Total memory usage is 4625532 kilobytes

Number of errors   :    0 (   0 filtered)
Number of warnings :    2 (   0 filtered)
Number of infos    :    0 (   0 filtered)

