--------------------------------------------------------------------------------
Release 14.7 Trace  (nt64)
Copyright (c) 1995-2013 Xilinx, Inc.  All rights reserved.

D:\14.7\ISE_DS\ISE\bin\nt64\unwrapped\trce.exe -intstyle ise -v 3 -s 1 -n 3
-fastpaths -xml RoundkeyGen_preroute.twx RoundkeyGen_map.ncd -o
RoundkeyGen_preroute.twr RoundkeyGen.pcf -ucf ShiftRows.ucf

Design file:              RoundkeyGen_map.ncd
Physical constraint file: RoundkeyGen.pcf
Device,package,speed:     xc7a100t,fgg676,C,-1 (PRODUCTION 1.10 2013-10-13)
Report level:             verbose report

Environment Variable      Effect 
--------------------      ------ 
NONE                      No environment variables were set
--------------------------------------------------------------------------------

INFO:Timing:2698 - No timing constraints found, doing default enumeration.
INFO:Timing:3412 - To improve timing, see the Timing Closure User Guide (UG612).
INFO:Timing:2752 - To get complete path coverage, use the unconstrained paths 
   option. All paths that are not constrained will be reported in the 
   unconstrained paths section(s) of the report.
INFO:Timing:3284 - This timing report was generated using estimated delay 
   information.  For accurate numbers, please refer to the post Place and Route 
   timing report.
INFO:Timing:3339 - The clock-to-out numbers in this timing report are based on 
   a 50 Ohm transmission line loading model.  For the details of this model, 
   and for more information on accounting for different loading conditions, 
   please see the device datasheet.



Data Sheet report:
-----------------
All values displayed in nanoseconds (ns)

Setup/Hold to clock clk
------------+------------+------------+------------+------------+------------------+--------+
            |Max Setup to|  Process   |Max Hold to |  Process   |                  | Clock  |
Source      | clk (edge) |   Corner   | clk (edge) |   Corner   |Internal Clock(s) | Phase  |
------------+------------+------------+------------+------------+------------------+--------+
RCON<0>     |   -3.123(R)|      FAST  |    3.959(R)|      SLOW  |clk_BUFGP         |   0.000|
RCON<1>     |   -3.132(R)|      FAST  |    3.972(R)|      SLOW  |clk_BUFGP         |   0.000|
RCON<2>     |   -3.183(R)|      FAST  |    3.962(R)|      SLOW  |clk_BUFGP         |   0.000|
RCON<3>     |   -3.196(R)|      FAST  |    3.978(R)|      SLOW  |clk_BUFGP         |   0.000|
RCON<4>     |   -3.325(R)|      FAST  |    4.161(R)|      SLOW  |clk_BUFGP         |   0.000|
RCON<5>     |   -3.322(R)|      FAST  |    4.162(R)|      SLOW  |clk_BUFGP         |   0.000|
RCON<6>     |   -3.362(R)|      FAST  |    4.202(R)|      SLOW  |clk_BUFGP         |   0.000|
RCON<7>     |   -3.359(R)|      FAST  |    4.202(R)|      SLOW  |clk_BUFGP         |   0.000|
RCON<8>     |   -4.774(R)|      FAST  |    5.652(R)|      SLOW  |clk_BUFGP         |   0.000|
RCON<9>     |   -4.767(R)|      FAST  |    5.652(R)|      SLOW  |clk_BUFGP         |   0.000|
RCON<10>    |   -4.762(R)|      FAST  |    5.645(R)|      SLOW  |clk_BUFGP         |   0.000|
RCON<11>    |   -4.761(R)|      FAST  |    5.631(R)|      SLOW  |clk_BUFGP         |   0.000|
RCON<12>    |   -4.727(R)|      FAST  |    5.563(R)|      SLOW  |clk_BUFGP         |   0.000|
RCON<13>    |   -4.721(R)|      FAST  |    5.561(R)|      SLOW  |clk_BUFGP         |   0.000|
RCON<14>    |   -4.732(R)|      FAST  |    5.572(R)|      SLOW  |clk_BUFGP         |   0.000|
RCON<15>    |   -4.718(R)|      FAST  |    5.562(R)|      SLOW  |clk_BUFGP         |   0.000|
RCON<16>    |   -4.048(R)|      FAST  |    4.885(R)|      SLOW  |clk_BUFGP         |   0.000|
RCON<17>    |   -4.046(R)|      FAST  |    4.949(R)|      SLOW  |clk_BUFGP         |   0.000|
RCON<18>    |   -4.043(R)|      FAST  |    4.883(R)|      SLOW  |clk_BUFGP         |   0.000|
RCON<19>    |   -4.042(R)|      FAST  |    4.948(R)|      SLOW  |clk_BUFGP         |   0.000|
RCON<20>    |   -4.070(R)|      FAST  |    5.084(R)|      SLOW  |clk_BUFGP         |   0.000|
RCON<21>    |   -4.048(R)|      FAST  |    4.955(R)|      SLOW  |clk_BUFGP         |   0.000|
RCON<22>    |   -4.037(R)|      FAST  |    4.943(R)|      SLOW  |clk_BUFGP         |   0.000|
RCON<23>    |   -4.161(R)|      FAST  |    4.883(R)|      SLOW  |clk_BUFGP         |   0.000|
RCON<24>    |   -2.983(R)|      FAST  |    4.449(R)|      SLOW  |clk_BUFGP         |   0.000|
RCON<25>    |   -3.050(R)|      FAST  |    4.453(R)|      SLOW  |clk_BUFGP         |   0.000|
RCON<26>    |   -3.090(R)|      FAST  |    4.499(R)|      SLOW  |clk_BUFGP         |   0.000|
RCON<27>    |   -3.077(R)|      FAST  |    4.534(R)|      SLOW  |clk_BUFGP         |   0.000|
RCON<28>    |   -3.074(R)|      FAST  |    3.828(R)|      SLOW  |clk_BUFGP         |   0.000|
RCON<29>    |   -3.099(R)|      FAST  |    3.911(R)|      SLOW  |clk_BUFGP         |   0.000|
RCON<30>    |   -3.065(R)|      FAST  |    3.836(R)|      SLOW  |clk_BUFGP         |   0.000|
RCON<31>    |   -3.092(R)|      FAST  |    3.875(R)|      SLOW  |clk_BUFGP         |   0.000|
key<0>      |   -5.207(R)|      FAST  |    5.805(R)|      SLOW  |clk_BUFGP         |   0.000|
key<1>      |   -5.222(R)|      FAST  |    5.814(R)|      SLOW  |clk_BUFGP         |   0.000|
key<2>      |   -5.222(R)|      FAST  |    5.825(R)|      SLOW  |clk_BUFGP         |   0.000|
key<3>      |   -5.211(R)|      FAST  |    5.813(R)|      SLOW  |clk_BUFGP         |   0.000|
key<4>      |   -5.184(R)|      FAST  |    5.863(R)|      SLOW  |clk_BUFGP         |   0.000|
key<5>      |   -5.204(R)|      FAST  |    5.795(R)|      SLOW  |clk_BUFGP         |   0.000|
key<6>      |   -5.187(R)|      FAST  |    5.864(R)|      SLOW  |clk_BUFGP         |   0.000|
key<7>      |   -5.191(R)|      FAST  |    5.867(R)|      SLOW  |clk_BUFGP         |   0.000|
key<8>      |   -4.763(R)|      FAST  |    5.374(R)|      SLOW  |clk_BUFGP         |   0.000|
key<9>      |   -4.844(R)|      FAST  |    5.425(R)|      SLOW  |clk_BUFGP         |   0.000|
key<10>     |   -4.990(R)|      FAST  |    5.581(R)|      SLOW  |clk_BUFGP         |   0.000|
key<11>     |   -4.992(R)|      FAST  |    5.582(R)|      SLOW  |clk_BUFGP         |   0.000|
key<12>     |   -4.991(R)|      FAST  |    5.590(R)|      SLOW  |clk_BUFGP         |   0.000|
key<13>     |   -4.983(R)|      FAST  |    5.575(R)|      SLOW  |clk_BUFGP         |   0.000|
key<14>     |   -5.190(R)|      FAST  |    5.793(R)|      SLOW  |clk_BUFGP         |   0.000|
key<15>     |   -5.207(R)|      FAST  |    5.810(R)|      SLOW  |clk_BUFGP         |   0.000|
key<16>     |   -4.328(R)|      FAST  |    4.939(R)|      SLOW  |clk_BUFGP         |   0.000|
key<17>     |   -4.426(R)|      FAST  |    5.036(R)|      SLOW  |clk_BUFGP         |   0.000|
key<18>     |   -4.831(R)|      FAST  |    5.421(R)|      SLOW  |clk_BUFGP         |   0.000|
key<19>     |   -4.830(R)|      FAST  |    5.419(R)|      SLOW  |clk_BUFGP         |   0.000|
key<20>     |   -4.817(R)|      FAST  |    5.415(R)|      SLOW  |clk_BUFGP         |   0.000|
key<21>     |   -4.820(R)|      FAST  |    5.411(R)|      SLOW  |clk_BUFGP         |   0.000|
key<22>     |   -5.234(R)|      FAST  |    5.836(R)|      SLOW  |clk_BUFGP         |   0.000|
key<23>     |   -5.274(R)|      FAST  |    5.877(R)|      SLOW  |clk_BUFGP         |   0.000|
key<24>     |   -4.664(R)|      FAST  |    5.263(R)|      SLOW  |clk_BUFGP         |   0.000|
key<25>     |   -4.637(R)|      FAST  |    5.229(R)|      SLOW  |clk_BUFGP         |   0.000|
key<26>     |   -4.667(R)|      FAST  |    5.269(R)|      SLOW  |clk_BUFGP         |   0.000|
key<27>     |   -4.647(R)|      FAST  |    5.249(R)|      SLOW  |clk_BUFGP         |   0.000|
key<28>     |   -4.576(R)|      FAST  |    5.186(R)|      SLOW  |clk_BUFGP         |   0.000|
key<29>     |   -4.558(R)|      FAST  |    5.168(R)|      SLOW  |clk_BUFGP         |   0.000|
key<30>     |   -4.661(R)|      FAST  |    5.251(R)|      SLOW  |clk_BUFGP         |   0.000|
key<31>     |   -4.656(R)|      FAST  |    5.246(R)|      SLOW  |clk_BUFGP         |   0.000|
key<32>     |   -5.211(R)|      FAST  |    5.890(R)|      SLOW  |clk_BUFGP         |   0.000|
key<33>     |   -5.228(R)|      FAST  |    5.903(R)|      SLOW  |clk_BUFGP         |   0.000|
key<34>     |   -5.222(R)|      FAST  |    5.898(R)|      SLOW  |clk_BUFGP         |   0.000|
key<35>     |   -5.228(R)|      FAST  |    5.904(R)|      SLOW  |clk_BUFGP         |   0.000|
key<36>     |   -5.224(R)|      FAST  |    5.902(R)|      SLOW  |clk_BUFGP         |   0.000|
key<37>     |   -5.212(R)|      FAST  |    5.888(R)|      SLOW  |clk_BUFGP         |   0.000|
key<38>     |   -5.207(R)|      FAST  |    5.883(R)|      SLOW  |clk_BUFGP         |   0.000|
key<39>     |   -5.259(R)|      FAST  |    5.935(R)|      SLOW  |clk_BUFGP         |   0.000|
key<40>     |   -5.252(R)|      FAST  |    5.850(R)|      SLOW  |clk_BUFGP         |   0.000|
key<41>     |   -5.244(R)|      FAST  |    5.835(R)|      SLOW  |clk_BUFGP         |   0.000|
key<42>     |   -5.061(R)|      FAST  |    5.664(R)|      SLOW  |clk_BUFGP         |   0.000|
key<43>     |   -5.063(R)|      FAST  |    5.666(R)|      SLOW  |clk_BUFGP         |   0.000|
key<44>     |   -4.975(R)|      FAST  |    5.654(R)|      SLOW  |clk_BUFGP         |   0.000|
key<45>     |   -4.970(R)|      FAST  |    5.645(R)|      SLOW  |clk_BUFGP         |   0.000|
key<46>     |   -4.970(R)|      FAST  |    5.647(R)|      SLOW  |clk_BUFGP         |   0.000|
key<47>     |   -4.962(R)|      FAST  |    5.639(R)|      SLOW  |clk_BUFGP         |   0.000|
key<48>     |   -5.191(R)|      FAST  |    5.869(R)|      SLOW  |clk_BUFGP         |   0.000|
key<49>     |   -5.176(R)|      FAST  |    5.851(R)|      SLOW  |clk_BUFGP         |   0.000|
key<50>     |   -5.183(R)|      FAST  |    5.860(R)|      SLOW  |clk_BUFGP         |   0.000|
key<51>     |   -5.176(R)|      FAST  |    5.853(R)|      SLOW  |clk_BUFGP         |   0.000|
key<52>     |   -5.229(R)|      FAST  |    5.828(R)|      SLOW  |clk_BUFGP         |   0.000|
key<53>     |   -5.219(R)|      FAST  |    5.810(R)|      SLOW  |clk_BUFGP         |   0.000|
key<54>     |   -5.197(R)|      FAST  |    5.800(R)|      SLOW  |clk_BUFGP         |   0.000|
key<55>     |   -5.202(R)|      FAST  |    5.805(R)|      SLOW  |clk_BUFGP         |   0.000|
key<56>     |   -5.191(R)|      FAST  |    5.790(R)|      SLOW  |clk_BUFGP         |   0.000|
key<57>     |   -5.176(R)|      FAST  |    5.768(R)|      SLOW  |clk_BUFGP         |   0.000|
key<58>     |   -5.171(R)|      FAST  |    5.774(R)|      SLOW  |clk_BUFGP         |   0.000|
key<59>     |   -5.169(R)|      FAST  |    5.772(R)|      SLOW  |clk_BUFGP         |   0.000|
key<60>     |   -5.165(R)|      FAST  |    5.843(R)|      SLOW  |clk_BUFGP         |   0.000|
key<61>     |   -5.157(R)|      FAST  |    5.833(R)|      SLOW  |clk_BUFGP         |   0.000|
key<62>     |   -5.144(R)|      FAST  |    5.821(R)|      SLOW  |clk_BUFGP         |   0.000|
key<63>     |   -5.149(R)|      FAST  |    5.826(R)|      SLOW  |clk_BUFGP         |   0.000|
key<64>     |   -4.135(R)|      FAST  |    4.734(R)|      SLOW  |clk_BUFGP         |   0.000|
key<65>     |   -4.111(R)|      FAST  |    4.703(R)|      SLOW  |clk_BUFGP         |   0.000|
key<66>     |   -4.208(R)|      FAST  |    4.810(R)|      SLOW  |clk_BUFGP         |   0.000|
key<67>     |   -4.178(R)|      FAST  |    4.781(R)|      SLOW  |clk_BUFGP         |   0.000|
key<68>     |   -5.053(R)|      FAST  |    5.651(R)|      SLOW  |clk_BUFGP         |   0.000|
key<69>     |   -5.063(R)|      FAST  |    5.654(R)|      SLOW  |clk_BUFGP         |   0.000|
key<70>     |   -5.085(R)|      FAST  |    5.687(R)|      SLOW  |clk_BUFGP         |   0.000|
key<71>     |   -5.074(R)|      FAST  |    5.676(R)|      SLOW  |clk_BUFGP         |   0.000|
key<72>     |   -4.846(R)|      FAST  |    5.444(R)|      SLOW  |clk_BUFGP         |   0.000|
key<73>     |   -4.905(R)|      FAST  |    5.496(R)|      SLOW  |clk_BUFGP         |   0.000|
key<74>     |   -4.859(R)|      FAST  |    5.461(R)|      SLOW  |clk_BUFGP         |   0.000|
key<75>     |   -4.870(R)|      FAST  |    5.473(R)|      SLOW  |clk_BUFGP         |   0.000|
key<76>     |   -4.879(R)|      FAST  |    5.478(R)|      SLOW  |clk_BUFGP         |   0.000|
key<77>     |   -4.860(R)|      FAST  |    5.452(R)|      SLOW  |clk_BUFGP         |   0.000|
key<78>     |   -4.865(R)|      FAST  |    5.467(R)|      SLOW  |clk_BUFGP         |   0.000|
key<79>     |   -4.898(R)|      FAST  |    5.500(R)|      SLOW  |clk_BUFGP         |   0.000|
key<80>     |   -4.803(R)|      FAST  |    5.402(R)|      SLOW  |clk_BUFGP         |   0.000|
key<81>     |   -4.802(R)|      FAST  |    5.394(R)|      SLOW  |clk_BUFGP         |   0.000|
key<82>     |   -4.803(R)|      FAST  |    5.406(R)|      SLOW  |clk_BUFGP         |   0.000|
key<83>     |   -4.815(R)|      FAST  |    5.417(R)|      SLOW  |clk_BUFGP         |   0.000|
key<84>     |   -4.641(R)|      FAST  |    5.239(R)|      SLOW  |clk_BUFGP         |   0.000|
key<85>     |   -4.633(R)|      FAST  |    5.224(R)|      SLOW  |clk_BUFGP         |   0.000|
key<86>     |   -4.664(R)|      FAST  |    5.266(R)|      SLOW  |clk_BUFGP         |   0.000|
key<87>     |   -4.668(R)|      FAST  |    5.270(R)|      SLOW  |clk_BUFGP         |   0.000|
key<88>     |   -4.860(R)|      FAST  |    5.459(R)|      SLOW  |clk_BUFGP         |   0.000|
key<89>     |   -4.837(R)|      FAST  |    5.429(R)|      SLOW  |clk_BUFGP         |   0.000|
key<90>     |   -4.830(R)|      FAST  |    5.433(R)|      SLOW  |clk_BUFGP         |   0.000|
key<91>     |   -4.840(R)|      FAST  |    5.443(R)|      SLOW  |clk_BUFGP         |   0.000|
key<92>     |   -4.966(R)|      FAST  |    5.565(R)|      SLOW  |clk_BUFGP         |   0.000|
key<93>     |   -4.969(R)|      FAST  |    5.562(R)|      SLOW  |clk_BUFGP         |   0.000|
key<94>     |   -4.971(R)|      FAST  |    5.574(R)|      SLOW  |clk_BUFGP         |   0.000|
key<95>     |   -4.987(R)|      FAST  |    5.590(R)|      SLOW  |clk_BUFGP         |   0.000|
key<96>     |   -4.932(R)|      FAST  |    5.542(R)|      SLOW  |clk_BUFGP         |   0.000|
key<97>     |   -4.949(R)|      FAST  |    5.559(R)|      SLOW  |clk_BUFGP         |   0.000|
key<98>     |   -4.948(R)|      FAST  |    5.559(R)|      SLOW  |clk_BUFGP         |   0.000|
key<99>     |   -4.939(R)|      FAST  |    5.552(R)|      SLOW  |clk_BUFGP         |   0.000|
key<100>    |   -4.963(R)|      FAST  |    5.563(R)|      SLOW  |clk_BUFGP         |   0.000|
key<101>    |   -5.027(R)|      FAST  |    5.619(R)|      SLOW  |clk_BUFGP         |   0.000|
key<102>    |   -5.018(R)|      FAST  |    5.621(R)|      SLOW  |clk_BUFGP         |   0.000|
key<103>    |   -4.984(R)|      FAST  |    5.587(R)|      SLOW  |clk_BUFGP         |   0.000|
key<104>    |   -4.535(R)|      FAST  |    5.135(R)|      SLOW  |clk_BUFGP         |   0.000|
key<105>    |   -4.715(R)|      FAST  |    5.307(R)|      SLOW  |clk_BUFGP         |   0.000|
key<106>    |   -4.733(R)|      FAST  |    5.336(R)|      SLOW  |clk_BUFGP         |   0.000|
key<107>    |   -4.337(R)|      FAST  |    4.940(R)|      SLOW  |clk_BUFGP         |   0.000|
key<108>    |   -4.331(R)|      FAST  |    4.930(R)|      SLOW  |clk_BUFGP         |   0.000|
key<109>    |   -4.546(R)|      FAST  |    5.137(R)|      SLOW  |clk_BUFGP         |   0.000|
key<110>    |   -4.332(R)|      FAST  |    4.935(R)|      SLOW  |clk_BUFGP         |   0.000|
key<111>    |   -4.333(R)|      FAST  |    4.936(R)|      SLOW  |clk_BUFGP         |   0.000|
key<112>    |   -4.569(R)|      FAST  |    5.168(R)|      SLOW  |clk_BUFGP         |   0.000|
key<113>    |   -4.560(R)|      FAST  |    5.152(R)|      SLOW  |clk_BUFGP         |   0.000|
key<114>    |   -4.423(R)|      FAST  |    5.026(R)|      SLOW  |clk_BUFGP         |   0.000|
key<115>    |   -4.427(R)|      FAST  |    5.030(R)|      SLOW  |clk_BUFGP         |   0.000|
key<116>    |   -4.580(R)|      FAST  |    5.179(R)|      SLOW  |clk_BUFGP         |   0.000|
key<117>    |   -4.690(R)|      FAST  |    5.281(R)|      SLOW  |clk_BUFGP         |   0.000|
key<118>    |   -4.627(R)|      FAST  |    5.229(R)|      SLOW  |clk_BUFGP         |   0.000|
key<119>    |   -4.619(R)|      FAST  |    5.222(R)|      SLOW  |clk_BUFGP         |   0.000|
key<120>    |   -4.873(R)|      FAST  |    5.471(R)|      SLOW  |clk_BUFGP         |   0.000|
key<121>    |   -4.877(R)|      FAST  |    5.468(R)|      SLOW  |clk_BUFGP         |   0.000|
key<122>    |   -4.869(R)|      FAST  |    5.472(R)|      SLOW  |clk_BUFGP         |   0.000|
key<123>    |   -4.861(R)|      FAST  |    5.464(R)|      SLOW  |clk_BUFGP         |   0.000|
key<124>    |   -4.911(R)|      FAST  |    5.509(R)|      SLOW  |clk_BUFGP         |   0.000|
key<125>    |   -4.898(R)|      FAST  |    5.490(R)|      SLOW  |clk_BUFGP         |   0.000|
key<126>    |   -4.934(R)|      FAST  |    5.536(R)|      SLOW  |clk_BUFGP         |   0.000|
key<127>    |   -4.926(R)|      FAST  |    5.528(R)|      SLOW  |clk_BUFGP         |   0.000|
reset       |    0.368(R)|      SLOW  |    2.621(R)|      FAST  |clk_BUFGP         |   0.000|
valid_in    |   -2.288(R)|      SLOW  |    5.523(R)|      SLOW  |clk_BUFGP         |   0.000|
------------+------------+------------+------------+------------+------------------+--------+

Clock clk to Pad
--------------+-----------------+------------+-----------------+------------+------------------+--------+
              |Max (slowest) clk|  Process   |Min (fastest) clk|  Process   |                  | Clock  |
Destination   |  (edge) to PAD  |   Corner   |  (edge) to PAD  |   Corner   |Internal Clock(s) | Phase  |
--------------+-----------------+------------+-----------------+------------+------------------+--------+
round_key<0>  |        12.025(R)|      SLOW  |         9.289(R)|      FAST  |clk_BUFGP         |   0.000|
round_key<1>  |        12.003(R)|      SLOW  |         9.269(R)|      FAST  |clk_BUFGP         |   0.000|
round_key<2>  |        12.081(R)|      SLOW  |         9.345(R)|      FAST  |clk_BUFGP         |   0.000|
round_key<3>  |        12.076(R)|      SLOW  |         9.338(R)|      FAST  |clk_BUFGP         |   0.000|
round_key<4>  |        11.989(R)|      SLOW  |         9.350(R)|      FAST  |clk_BUFGP         |   0.000|
round_key<5>  |        11.952(R)|      SLOW  |         9.312(R)|      FAST  |clk_BUFGP         |   0.000|
round_key<6>  |        11.997(R)|      SLOW  |         9.358(R)|      FAST  |clk_BUFGP         |   0.000|
round_key<7>  |        11.990(R)|      SLOW  |         9.350(R)|      FAST  |clk_BUFGP         |   0.000|
round_key<8>  |        13.028(R)|      SLOW  |        10.389(R)|      FAST  |clk_BUFGP         |   0.000|
round_key<9>  |        13.059(R)|      SLOW  |        10.419(R)|      FAST  |clk_BUFGP         |   0.000|
round_key<10> |        12.833(R)|      SLOW  |        10.194(R)|      FAST  |clk_BUFGP         |   0.000|
round_key<11> |        11.821(R)|      SLOW  |         9.181(R)|      FAST  |clk_BUFGP         |   0.000|
round_key<12> |        11.882(R)|      SLOW  |         9.243(R)|      FAST  |clk_BUFGP         |   0.000|
round_key<13> |        11.888(R)|      SLOW  |         9.249(R)|      FAST  |clk_BUFGP         |   0.000|
round_key<14> |        11.881(R)|      SLOW  |         9.242(R)|      FAST  |clk_BUFGP         |   0.000|
round_key<15> |        11.892(R)|      SLOW  |         9.252(R)|      FAST  |clk_BUFGP         |   0.000|
round_key<16> |        11.110(R)|      SLOW  |         8.470(R)|      FAST  |clk_BUFGP         |   0.000|
round_key<17> |        12.276(R)|      SLOW  |         9.637(R)|      FAST  |clk_BUFGP         |   0.000|
round_key<18> |        12.343(R)|      SLOW  |         9.704(R)|      FAST  |clk_BUFGP         |   0.000|
round_key<19> |        12.199(R)|      SLOW  |         9.559(R)|      FAST  |clk_BUFGP         |   0.000|
round_key<20> |        12.251(R)|      SLOW  |         9.611(R)|      FAST  |clk_BUFGP         |   0.000|
round_key<21> |        12.290(R)|      SLOW  |         9.650(R)|      FAST  |clk_BUFGP         |   0.000|
round_key<22> |        12.275(R)|      SLOW  |         9.635(R)|      FAST  |clk_BUFGP         |   0.000|
round_key<23> |        12.164(R)|      SLOW  |         9.524(R)|      FAST  |clk_BUFGP         |   0.000|
round_key<24> |        12.337(R)|      SLOW  |         9.697(R)|      FAST  |clk_BUFGP         |   0.000|
round_key<25> |        12.331(R)|      SLOW  |         9.692(R)|      FAST  |clk_BUFGP         |   0.000|
round_key<26> |        12.173(R)|      SLOW  |         9.534(R)|      FAST  |clk_BUFGP         |   0.000|
round_key<27> |        12.098(R)|      SLOW  |         9.459(R)|      FAST  |clk_BUFGP         |   0.000|
round_key<28> |        12.247(R)|      SLOW  |         9.607(R)|      FAST  |clk_BUFGP         |   0.000|
round_key<29> |        12.200(R)|      SLOW  |         9.561(R)|      FAST  |clk_BUFGP         |   0.000|
round_key<30> |        12.223(R)|      SLOW  |         9.584(R)|      FAST  |clk_BUFGP         |   0.000|
round_key<31> |        12.214(R)|      SLOW  |         9.574(R)|      FAST  |clk_BUFGP         |   0.000|
round_key<32> |        12.581(R)|      SLOW  |         9.942(R)|      FAST  |clk_BUFGP         |   0.000|
round_key<33> |        12.531(R)|      SLOW  |         9.891(R)|      FAST  |clk_BUFGP         |   0.000|
round_key<34> |        12.599(R)|      SLOW  |         9.960(R)|      FAST  |clk_BUFGP         |   0.000|
round_key<35> |        12.600(R)|      SLOW  |         9.960(R)|      FAST  |clk_BUFGP         |   0.000|
round_key<36> |        12.869(R)|      SLOW  |        10.230(R)|      FAST  |clk_BUFGP         |   0.000|
round_key<37> |        12.843(R)|      SLOW  |        10.204(R)|      FAST  |clk_BUFGP         |   0.000|
round_key<38> |        12.752(R)|      SLOW  |        10.113(R)|      FAST  |clk_BUFGP         |   0.000|
round_key<39> |        11.325(R)|      SLOW  |         8.687(R)|      FAST  |clk_BUFGP         |   0.000|
round_key<40> |        11.427(R)|      SLOW  |         8.748(R)|      FAST  |clk_BUFGP         |   0.000|
round_key<41> |        11.477(R)|      SLOW  |         8.798(R)|      FAST  |clk_BUFGP         |   0.000|
round_key<42> |        11.516(R)|      SLOW  |         8.837(R)|      FAST  |clk_BUFGP         |   0.000|
round_key<43> |        11.352(R)|      SLOW  |         8.673(R)|      FAST  |clk_BUFGP         |   0.000|
round_key<44> |        11.529(R)|      SLOW  |         8.793(R)|      FAST  |clk_BUFGP         |   0.000|
round_key<45> |        11.508(R)|      SLOW  |         8.774(R)|      FAST  |clk_BUFGP         |   0.000|
round_key<46> |        11.532(R)|      SLOW  |         8.797(R)|      FAST  |clk_BUFGP         |   0.000|
round_key<47> |        11.656(R)|      SLOW  |         8.919(R)|      FAST  |clk_BUFGP         |   0.000|
round_key<48> |        11.054(R)|      SLOW  |         8.376(R)|      FAST  |clk_BUFGP         |   0.000|
round_key<49> |        11.016(R)|      SLOW  |         8.338(R)|      FAST  |clk_BUFGP         |   0.000|
round_key<50> |        11.268(R)|      SLOW  |         8.589(R)|      FAST  |clk_BUFGP         |   0.000|
round_key<51> |        11.085(R)|      SLOW  |         8.407(R)|      FAST  |clk_BUFGP         |   0.000|
round_key<52> |        10.830(R)|      SLOW  |         8.191(R)|      FAST  |clk_BUFGP         |   0.000|
round_key<53> |        10.963(R)|      SLOW  |         8.323(R)|      FAST  |clk_BUFGP         |   0.000|
round_key<54> |        10.846(R)|      SLOW  |         8.206(R)|      FAST  |clk_BUFGP         |   0.000|
round_key<55> |        10.905(R)|      SLOW  |         8.266(R)|      FAST  |clk_BUFGP         |   0.000|
round_key<56> |        11.322(R)|      SLOW  |         8.643(R)|      FAST  |clk_BUFGP         |   0.000|
round_key<57> |        11.451(R)|      SLOW  |         8.772(R)|      FAST  |clk_BUFGP         |   0.000|
round_key<58> |        11.418(R)|      SLOW  |         8.740(R)|      FAST  |clk_BUFGP         |   0.000|
round_key<59> |        11.267(R)|      SLOW  |         8.589(R)|      FAST  |clk_BUFGP         |   0.000|
round_key<60> |        11.329(R)|      SLOW  |         8.650(R)|      FAST  |clk_BUFGP         |   0.000|
round_key<61> |        10.224(R)|      SLOW  |         7.546(R)|      FAST  |clk_BUFGP         |   0.000|
round_key<62> |        10.261(R)|      SLOW  |         7.583(R)|      FAST  |clk_BUFGP         |   0.000|
round_key<63> |        10.259(R)|      SLOW  |         7.580(R)|      FAST  |clk_BUFGP         |   0.000|
round_key<64> |        10.550(R)|      SLOW  |         7.872(R)|      FAST  |clk_BUFGP         |   0.000|
round_key<65> |        10.549(R)|      SLOW  |         7.871(R)|      FAST  |clk_BUFGP         |   0.000|
round_key<66> |        10.548(R)|      SLOW  |         7.870(R)|      FAST  |clk_BUFGP         |   0.000|
round_key<67> |        11.646(R)|      SLOW  |         8.968(R)|      FAST  |clk_BUFGP         |   0.000|
round_key<68> |        11.672(R)|      SLOW  |         8.994(R)|      FAST  |clk_BUFGP         |   0.000|
round_key<69> |        11.762(R)|      SLOW  |         9.083(R)|      FAST  |clk_BUFGP         |   0.000|
round_key<70> |        11.756(R)|      SLOW  |         9.078(R)|      FAST  |clk_BUFGP         |   0.000|
round_key<71> |        11.727(R)|      SLOW  |         9.049(R)|      FAST  |clk_BUFGP         |   0.000|
round_key<72> |        12.110(R)|      SLOW  |         9.471(R)|      FAST  |clk_BUFGP         |   0.000|
round_key<73> |        12.139(R)|      SLOW  |         9.499(R)|      FAST  |clk_BUFGP         |   0.000|
round_key<74> |        12.016(R)|      SLOW  |         9.377(R)|      FAST  |clk_BUFGP         |   0.000|
round_key<75> |        11.990(R)|      SLOW  |         9.350(R)|      FAST  |clk_BUFGP         |   0.000|
round_key<76> |        11.630(R)|      SLOW  |         8.952(R)|      FAST  |clk_BUFGP         |   0.000|
round_key<77> |        11.801(R)|      SLOW  |         9.122(R)|      FAST  |clk_BUFGP         |   0.000|
round_key<78> |        11.971(R)|      SLOW  |         9.292(R)|      FAST  |clk_BUFGP         |   0.000|
round_key<79> |        11.816(R)|      SLOW  |         9.138(R)|      FAST  |clk_BUFGP         |   0.000|
round_key<80> |        11.525(R)|      SLOW  |         8.847(R)|      FAST  |clk_BUFGP         |   0.000|
round_key<81> |        11.670(R)|      SLOW  |         8.991(R)|      FAST  |clk_BUFGP         |   0.000|
round_key<82> |        11.711(R)|      SLOW  |         9.032(R)|      FAST  |clk_BUFGP         |   0.000|
round_key<83> |        11.605(R)|      SLOW  |         8.927(R)|      FAST  |clk_BUFGP         |   0.000|
round_key<84> |        11.339(R)|      SLOW  |         8.700(R)|      FAST  |clk_BUFGP         |   0.000|
round_key<85> |        11.430(R)|      SLOW  |         8.791(R)|      FAST  |clk_BUFGP         |   0.000|
round_key<86> |        11.506(R)|      SLOW  |         8.867(R)|      FAST  |clk_BUFGP         |   0.000|
round_key<87> |        11.440(R)|      SLOW  |         8.800(R)|      FAST  |clk_BUFGP         |   0.000|
round_key<88> |        11.612(R)|      SLOW  |         8.973(R)|      FAST  |clk_BUFGP         |   0.000|
round_key<89> |        11.839(R)|      SLOW  |         9.200(R)|      FAST  |clk_BUFGP         |   0.000|
round_key<90> |        11.661(R)|      SLOW  |         9.021(R)|      FAST  |clk_BUFGP         |   0.000|
round_key<91> |        11.720(R)|      SLOW  |         9.081(R)|      FAST  |clk_BUFGP         |   0.000|
round_key<92> |        12.036(R)|      SLOW  |         9.357(R)|      FAST  |clk_BUFGP         |   0.000|
round_key<93> |        12.151(R)|      SLOW  |         9.472(R)|      FAST  |clk_BUFGP         |   0.000|
round_key<94> |        12.065(R)|      SLOW  |         9.386(R)|      FAST  |clk_BUFGP         |   0.000|
round_key<95> |        12.056(R)|      SLOW  |         9.377(R)|      FAST  |clk_BUFGP         |   0.000|
round_key<96> |        11.874(R)|      SLOW  |         9.235(R)|      FAST  |clk_BUFGP         |   0.000|
round_key<97> |        12.047(R)|      SLOW  |         9.408(R)|      FAST  |clk_BUFGP         |   0.000|
round_key<98> |        12.096(R)|      SLOW  |         9.457(R)|      FAST  |clk_BUFGP         |   0.000|
round_key<99> |        12.070(R)|      SLOW  |         9.431(R)|      FAST  |clk_BUFGP         |   0.000|
round_key<100>|        12.244(R)|      SLOW  |         9.566(R)|      FAST  |clk_BUFGP         |   0.000|
round_key<101>|        12.331(R)|      SLOW  |         9.652(R)|      FAST  |clk_BUFGP         |   0.000|
round_key<102>|        12.351(R)|      SLOW  |         9.672(R)|      FAST  |clk_BUFGP         |   0.000|
round_key<103>|        12.335(R)|      SLOW  |         9.656(R)|      FAST  |clk_BUFGP         |   0.000|
round_key<104>|        12.616(R)|      SLOW  |         9.938(R)|      FAST  |clk_BUFGP         |   0.000|
round_key<105>|        12.779(R)|      SLOW  |        10.100(R)|      FAST  |clk_BUFGP         |   0.000|
round_key<106>|        12.831(R)|      SLOW  |        10.153(R)|      FAST  |clk_BUFGP         |   0.000|
round_key<107>|        12.804(R)|      SLOW  |        10.126(R)|      FAST  |clk_BUFGP         |   0.000|
round_key<108>|        12.967(R)|      SLOW  |        10.194(R)|      FAST  |clk_BUFGP         |   0.000|
round_key<109>|        12.971(R)|      SLOW  |        10.194(R)|      FAST  |clk_BUFGP         |   0.000|
round_key<110>|        12.784(R)|      SLOW  |        10.011(R)|      FAST  |clk_BUFGP         |   0.000|
round_key<111>|        11.917(R)|      SLOW  |         9.142(R)|      FAST  |clk_BUFGP         |   0.000|
round_key<112>|        11.305(R)|      SLOW  |         8.665(R)|      FAST  |clk_BUFGP         |   0.000|
round_key<113>|        11.302(R)|      SLOW  |         8.662(R)|      FAST  |clk_BUFGP         |   0.000|
round_key<114>|        11.283(R)|      SLOW  |         8.644(R)|      FAST  |clk_BUFGP         |   0.000|
round_key<115>|        11.286(R)|      SLOW  |         8.646(R)|      FAST  |clk_BUFGP         |   0.000|
round_key<116>|        12.128(R)|      SLOW  |         9.489(R)|      FAST  |clk_BUFGP         |   0.000|
round_key<117>|        12.273(R)|      SLOW  |         9.634(R)|      FAST  |clk_BUFGP         |   0.000|
round_key<118>|        12.309(R)|      SLOW  |         9.670(R)|      FAST  |clk_BUFGP         |   0.000|
round_key<119>|        12.114(R)|      SLOW  |         9.474(R)|      FAST  |clk_BUFGP         |   0.000|
round_key<120>|        12.229(R)|      SLOW  |         9.551(R)|      FAST  |clk_BUFGP         |   0.000|
round_key<121>|        12.363(R)|      SLOW  |         9.685(R)|      FAST  |clk_BUFGP         |   0.000|
round_key<122>|        12.398(R)|      SLOW  |         9.720(R)|      FAST  |clk_BUFGP         |   0.000|
round_key<123>|        12.282(R)|      SLOW  |         9.603(R)|      FAST  |clk_BUFGP         |   0.000|
round_key<124>|        12.653(R)|      SLOW  |         9.975(R)|      FAST  |clk_BUFGP         |   0.000|
round_key<125>|        12.817(R)|      SLOW  |        10.139(R)|      FAST  |clk_BUFGP         |   0.000|
round_key<126>|        12.797(R)|      SLOW  |        10.119(R)|      FAST  |clk_BUFGP         |   0.000|
round_key<127>|        12.729(R)|      SLOW  |        10.051(R)|      FAST  |clk_BUFGP         |   0.000|
valid_out     |        12.332(R)|      SLOW  |         9.693(R)|      FAST  |clk_BUFGP         |   0.000|
--------------+-----------------+------------+-----------------+------------+------------------+--------+

Clock to Setup on destination clock clk
---------------+---------+---------+---------+---------+
               | Src:Rise| Src:Fall| Src:Rise| Src:Fall|
Source Clock   |Dest:Rise|Dest:Rise|Dest:Fall|Dest:Fall|
---------------+---------+---------+---------+---------+
clk            |    3.311|         |         |         |
---------------+---------+---------+---------+---------+


Analysis completed Mon Feb 24 06:15:06 2020 
--------------------------------------------------------------------------------

Trace Settings:
-------------------------
Trace Settings 

Peak Memory Usage: 5004 MB



