--------------------------------------------------------------------------------
Release 14.7 Trace  (nt64)
Copyright (c) 1995-2013 Xilinx, Inc.  All rights reserved.

D:\14.7\ISE_DS\ISE\bin\nt64\unwrapped\trce.exe -intstyle ise -v 3 -s 1 -n 3
-fastpaths -xml Interface.twx Interface.ncd -o Interface.twr Interface.pcf

Design file:              Interface.ncd
Physical constraint file: Interface.pcf
Device,package,speed:     xc7a100t,csg324,C,-1 (PRODUCTION 1.10 2013-10-13)
Report level:             verbose report

Environment Variable      Effect 
--------------------      ------ 
NONE                      No environment variables were set
--------------------------------------------------------------------------------

INFO:Timing:2698 - No timing constraints found, doing default enumeration.
INFO:Timing:3412 - To improve timing, see the Timing Closure User Guide (UG612).
INFO:Timing:2752 - To get complete path coverage, use the unconstrained paths 
   option. All paths that are not constrained will be reported in the 
   unconstrained paths section(s) of the report.
INFO:Timing:3339 - The clock-to-out numbers in this timing report are based on 
   a 50 Ohm transmission line loading model.  For the details of this model, 
   and for more information on accounting for different loading conditions, 
   please see the device datasheet.



Data Sheet report:
-----------------
All values displayed in nanoseconds (ns)

Setup/Hold to clock clk
------------+------------+------------+------------+------------+------------------+--------+
            |Max Setup to|  Process   |Max Hold to |  Process   |                  | Clock  |
Source      | clk (edge) |   Corner   | clk (edge) |   Corner   |Internal Clock(s) | Phase  |
------------+------------+------------+------------+------------+------------------+--------+
reset       |    8.577(R)|      SLOW  |    2.308(R)|      SLOW  |clk_BUFGP         |   0.000|
valid_in    |    0.155(R)|      FAST  |    1.998(R)|      SLOW  |clk_BUFGP         |   0.000|
------------+------------+------------+------------+------------+------------------+--------+

Clock clk to Pad
-------------+-----------------+------------+-----------------+------------+------------------+--------+
             |Max (slowest) clk|  Process   |Min (fastest) clk|  Process   |                  | Clock  |
Destination  |  (edge) to PAD  |   Corner   |  (edge) to PAD  |   Corner   |Internal Clock(s) | Phase  |
-------------+-----------------+------------+-----------------+------------+------------------+--------+
text_out<0>  |        11.468(R)|      SLOW  |         3.912(R)|      FAST  |clk_BUFGP         |   0.000|
text_out<1>  |        12.431(R)|      SLOW  |         4.291(R)|      FAST  |clk_BUFGP         |   0.000|
text_out<2>  |        11.668(R)|      SLOW  |         3.939(R)|      FAST  |clk_BUFGP         |   0.000|
text_out<3>  |        11.525(R)|      SLOW  |         3.991(R)|      FAST  |clk_BUFGP         |   0.000|
text_out<4>  |        11.465(R)|      SLOW  |         3.917(R)|      FAST  |clk_BUFGP         |   0.000|
text_out<5>  |        11.733(R)|      SLOW  |         4.059(R)|      FAST  |clk_BUFGP         |   0.000|
text_out<6>  |        11.475(R)|      SLOW  |         3.913(R)|      FAST  |clk_BUFGP         |   0.000|
text_out<7>  |        11.442(R)|      SLOW  |         3.936(R)|      FAST  |clk_BUFGP         |   0.000|
text_out<8>  |        11.291(R)|      SLOW  |         3.830(R)|      FAST  |clk_BUFGP         |   0.000|
text_out<9>  |        11.075(R)|      SLOW  |         3.727(R)|      FAST  |clk_BUFGP         |   0.000|
text_out<10> |        11.496(R)|      SLOW  |         3.907(R)|      FAST  |clk_BUFGP         |   0.000|
text_out<11> |        11.615(R)|      SLOW  |         4.043(R)|      FAST  |clk_BUFGP         |   0.000|
text_out<12> |        11.154(R)|      SLOW  |         3.790(R)|      FAST  |clk_BUFGP         |   0.000|
text_out<13> |        11.126(R)|      SLOW  |         3.768(R)|      FAST  |clk_BUFGP         |   0.000|
text_out<14> |        10.838(R)|      SLOW  |         3.656(R)|      FAST  |clk_BUFGP         |   0.000|
text_out<15> |        11.444(R)|      SLOW  |         3.907(R)|      FAST  |clk_BUFGP         |   0.000|
text_out<16> |        11.182(R)|      SLOW  |         3.748(R)|      FAST  |clk_BUFGP         |   0.000|
text_out<17> |        10.989(R)|      SLOW  |         3.682(R)|      FAST  |clk_BUFGP         |   0.000|
text_out<18> |        11.228(R)|      SLOW  |         3.806(R)|      FAST  |clk_BUFGP         |   0.000|
text_out<19> |        10.974(R)|      SLOW  |         3.727(R)|      FAST  |clk_BUFGP         |   0.000|
text_out<20> |        11.673(R)|      SLOW  |         4.081(R)|      FAST  |clk_BUFGP         |   0.000|
text_out<21> |        11.494(R)|      SLOW  |         3.966(R)|      FAST  |clk_BUFGP         |   0.000|
text_out<22> |        11.350(R)|      SLOW  |         3.937(R)|      FAST  |clk_BUFGP         |   0.000|
text_out<23> |        11.072(R)|      SLOW  |         3.772(R)|      FAST  |clk_BUFGP         |   0.000|
text_out<24> |        11.537(R)|      SLOW  |         3.962(R)|      FAST  |clk_BUFGP         |   0.000|
text_out<25> |        11.343(R)|      SLOW  |         3.942(R)|      FAST  |clk_BUFGP         |   0.000|
text_out<26> |        11.276(R)|      SLOW  |         3.831(R)|      FAST  |clk_BUFGP         |   0.000|
text_out<27> |        11.082(R)|      SLOW  |         3.726(R)|      FAST  |clk_BUFGP         |   0.000|
text_out<28> |        11.223(R)|      SLOW  |         3.772(R)|      FAST  |clk_BUFGP         |   0.000|
text_out<29> |        11.544(R)|      SLOW  |         4.012(R)|      FAST  |clk_BUFGP         |   0.000|
text_out<30> |        11.276(R)|      SLOW  |         3.830(R)|      FAST  |clk_BUFGP         |   0.000|
text_out<31> |        11.622(R)|      SLOW  |         4.001(R)|      FAST  |clk_BUFGP         |   0.000|
text_out<32> |        11.182(R)|      SLOW  |         3.748(R)|      FAST  |clk_BUFGP         |   0.000|
text_out<33> |        11.840(R)|      SLOW  |         4.134(R)|      FAST  |clk_BUFGP         |   0.000|
text_out<34> |        11.024(R)|      SLOW  |         3.744(R)|      FAST  |clk_BUFGP         |   0.000|
text_out<35> |        11.001(R)|      SLOW  |         3.734(R)|      FAST  |clk_BUFGP         |   0.000|
text_out<36> |        11.310(R)|      SLOW  |         3.931(R)|      FAST  |clk_BUFGP         |   0.000|
text_out<37> |        11.471(R)|      SLOW  |         4.008(R)|      FAST  |clk_BUFGP         |   0.000|
text_out<38> |        11.409(R)|      SLOW  |         3.883(R)|      FAST  |clk_BUFGP         |   0.000|
text_out<39> |        11.220(R)|      SLOW  |         3.899(R)|      FAST  |clk_BUFGP         |   0.000|
text_out<40> |        10.396(R)|      SLOW  |         3.455(R)|      FAST  |clk_BUFGP         |   0.000|
text_out<41> |        10.458(R)|      SLOW  |         3.488(R)|      FAST  |clk_BUFGP         |   0.000|
text_out<42> |        10.412(R)|      SLOW  |         3.450(R)|      FAST  |clk_BUFGP         |   0.000|
text_out<43> |        10.478(R)|      SLOW  |         3.506(R)|      FAST  |clk_BUFGP         |   0.000|
text_out<44> |        10.600(R)|      SLOW  |         3.536(R)|      FAST  |clk_BUFGP         |   0.000|
text_out<45> |        10.620(R)|      SLOW  |         3.535(R)|      FAST  |clk_BUFGP         |   0.000|
text_out<46> |        10.610(R)|      SLOW  |         3.568(R)|      FAST  |clk_BUFGP         |   0.000|
text_out<47> |        10.404(R)|      SLOW  |         3.462(R)|      FAST  |clk_BUFGP         |   0.000|
text_out<48> |        12.572(R)|      SLOW  |         4.483(R)|      FAST  |clk_BUFGP         |   0.000|
text_out<49> |        10.253(R)|      SLOW  |         3.386(R)|      FAST  |clk_BUFGP         |   0.000|
text_out<50> |        10.271(R)|      SLOW  |         3.392(R)|      FAST  |clk_BUFGP         |   0.000|
text_out<51> |        10.272(R)|      SLOW  |         3.390(R)|      FAST  |clk_BUFGP         |   0.000|
text_out<52> |        10.140(R)|      SLOW  |         3.347(R)|      FAST  |clk_BUFGP         |   0.000|
text_out<53> |         9.993(R)|      SLOW  |         3.285(R)|      FAST  |clk_BUFGP         |   0.000|
text_out<54> |        10.164(R)|      SLOW  |         3.348(R)|      FAST  |clk_BUFGP         |   0.000|
text_out<55> |        10.168(R)|      SLOW  |         3.363(R)|      FAST  |clk_BUFGP         |   0.000|
text_out<56> |        10.018(R)|      SLOW  |         3.276(R)|      FAST  |clk_BUFGP         |   0.000|
text_out<57> |        10.006(R)|      SLOW  |         3.279(R)|      FAST  |clk_BUFGP         |   0.000|
text_out<58> |         9.866(R)|      SLOW  |         3.216(R)|      FAST  |clk_BUFGP         |   0.000|
text_out<59> |         9.943(R)|      SLOW  |         3.225(R)|      FAST  |clk_BUFGP         |   0.000|
text_out<60> |         9.810(R)|      SLOW  |         3.195(R)|      FAST  |clk_BUFGP         |   0.000|
text_out<61> |         9.836(R)|      SLOW  |         3.205(R)|      FAST  |clk_BUFGP         |   0.000|
text_out<62> |         9.792(R)|      SLOW  |         3.171(R)|      FAST  |clk_BUFGP         |   0.000|
text_out<63> |         9.772(R)|      SLOW  |         3.167(R)|      FAST  |clk_BUFGP         |   0.000|
text_out<64> |         9.588(R)|      SLOW  |         3.110(R)|      FAST  |clk_BUFGP         |   0.000|
text_out<65> |         9.601(R)|      SLOW  |         3.136(R)|      FAST  |clk_BUFGP         |   0.000|
text_out<66> |         9.723(R)|      SLOW  |         3.161(R)|      FAST  |clk_BUFGP         |   0.000|
text_out<67> |         9.779(R)|      SLOW  |         3.188(R)|      FAST  |clk_BUFGP         |   0.000|
text_out<68> |         9.762(R)|      SLOW  |         3.174(R)|      FAST  |clk_BUFGP         |   0.000|
text_out<69> |         9.661(R)|      SLOW  |         3.146(R)|      FAST  |clk_BUFGP         |   0.000|
text_out<70> |         9.785(R)|      SLOW  |         3.174(R)|      FAST  |clk_BUFGP         |   0.000|
text_out<71> |         9.797(R)|      SLOW  |         3.182(R)|      FAST  |clk_BUFGP         |   0.000|
text_out<72> |         9.815(R)|      SLOW  |         3.210(R)|      FAST  |clk_BUFGP         |   0.000|
text_out<73> |         9.688(R)|      SLOW  |         3.150(R)|      FAST  |clk_BUFGP         |   0.000|
text_out<74> |         9.660(R)|      SLOW  |         3.134(R)|      FAST  |clk_BUFGP         |   0.000|
text_out<75> |         9.770(R)|      SLOW  |         3.147(R)|      FAST  |clk_BUFGP         |   0.000|
text_out<76> |         9.989(R)|      SLOW  |         3.316(R)|      FAST  |clk_BUFGP         |   0.000|
text_out<77> |         9.785(R)|      SLOW  |         3.215(R)|      FAST  |clk_BUFGP         |   0.000|
text_out<78> |         9.904(R)|      SLOW  |         3.260(R)|      FAST  |clk_BUFGP         |   0.000|
text_out<79> |         9.920(R)|      SLOW  |         3.276(R)|      FAST  |clk_BUFGP         |   0.000|
text_out<80> |         9.538(R)|      SLOW  |         3.061(R)|      FAST  |clk_BUFGP         |   0.000|
text_out<81> |         9.748(R)|      SLOW  |         3.176(R)|      FAST  |clk_BUFGP         |   0.000|
text_out<82> |         9.598(R)|      SLOW  |         3.112(R)|      FAST  |clk_BUFGP         |   0.000|
text_out<83> |         9.682(R)|      SLOW  |         3.117(R)|      FAST  |clk_BUFGP         |   0.000|
text_out<84> |         9.863(R)|      SLOW  |         3.204(R)|      FAST  |clk_BUFGP         |   0.000|
text_out<85> |         9.765(R)|      SLOW  |         3.171(R)|      FAST  |clk_BUFGP         |   0.000|
text_out<86> |         9.800(R)|      SLOW  |         3.199(R)|      FAST  |clk_BUFGP         |   0.000|
text_out<87> |         9.931(R)|      SLOW  |         3.246(R)|      FAST  |clk_BUFGP         |   0.000|
text_out<88> |         9.956(R)|      SLOW  |         3.302(R)|      FAST  |clk_BUFGP         |   0.000|
text_out<89> |         9.822(R)|      SLOW  |         3.249(R)|      FAST  |clk_BUFGP         |   0.000|
text_out<90> |        10.062(R)|      SLOW  |         3.330(R)|      FAST  |clk_BUFGP         |   0.000|
text_out<91> |         9.864(R)|      SLOW  |         3.276(R)|      FAST  |clk_BUFGP         |   0.000|
text_out<92> |         9.929(R)|      SLOW  |         3.295(R)|      FAST  |clk_BUFGP         |   0.000|
text_out<93> |         9.930(R)|      SLOW  |         3.288(R)|      FAST  |clk_BUFGP         |   0.000|
text_out<94> |        10.099(R)|      SLOW  |         3.368(R)|      FAST  |clk_BUFGP         |   0.000|
text_out<95> |        10.099(R)|      SLOW  |         3.364(R)|      FAST  |clk_BUFGP         |   0.000|
text_out<96> |        10.397(R)|      SLOW  |         3.434(R)|      FAST  |clk_BUFGP         |   0.000|
text_out<97> |        10.256(R)|      SLOW  |         3.389(R)|      FAST  |clk_BUFGP         |   0.000|
text_out<98> |        10.254(R)|      SLOW  |         3.320(R)|      FAST  |clk_BUFGP         |   0.000|
text_out<99> |        10.357(R)|      SLOW  |         3.410(R)|      FAST  |clk_BUFGP         |   0.000|
text_out<100>|        10.383(R)|      SLOW  |         3.401(R)|      FAST  |clk_BUFGP         |   0.000|
text_out<101>|        10.666(R)|      SLOW  |         3.572(R)|      FAST  |clk_BUFGP         |   0.000|
text_out<102>|        10.562(R)|      SLOW  |         3.501(R)|      FAST  |clk_BUFGP         |   0.000|
text_out<103>|        10.642(R)|      SLOW  |         3.522(R)|      FAST  |clk_BUFGP         |   0.000|
text_out<104>|        10.301(R)|      SLOW  |         3.423(R)|      FAST  |clk_BUFGP         |   0.000|
text_out<105>|        10.547(R)|      SLOW  |         3.573(R)|      FAST  |clk_BUFGP         |   0.000|
text_out<106>|        10.552(R)|      SLOW  |         3.504(R)|      FAST  |clk_BUFGP         |   0.000|
text_out<107>|        10.774(R)|      SLOW  |         3.658(R)|      FAST  |clk_BUFGP         |   0.000|
text_out<108>|        10.519(R)|      SLOW  |         3.512(R)|      FAST  |clk_BUFGP         |   0.000|
text_out<109>|        10.779(R)|      SLOW  |         3.685(R)|      FAST  |clk_BUFGP         |   0.000|
text_out<110>|        10.568(R)|      SLOW  |         3.525(R)|      FAST  |clk_BUFGP         |   0.000|
text_out<111>|        10.976(R)|      SLOW  |         3.743(R)|      FAST  |clk_BUFGP         |   0.000|
text_out<112>|        10.338(R)|      SLOW  |         3.401(R)|      FAST  |clk_BUFGP         |   0.000|
text_out<113>|        10.562(R)|      SLOW  |         3.534(R)|      FAST  |clk_BUFGP         |   0.000|
text_out<114>|        10.344(R)|      SLOW  |         3.412(R)|      FAST  |clk_BUFGP         |   0.000|
text_out<115>|        10.665(R)|      SLOW  |         3.550(R)|      FAST  |clk_BUFGP         |   0.000|
text_out<116>|        10.419(R)|      SLOW  |         3.489(R)|      FAST  |clk_BUFGP         |   0.000|
text_out<117>|        10.829(R)|      SLOW  |         3.680(R)|      FAST  |clk_BUFGP         |   0.000|
text_out<118>|        10.459(R)|      SLOW  |         3.461(R)|      FAST  |clk_BUFGP         |   0.000|
text_out<119>|        10.822(R)|      SLOW  |         3.684(R)|      FAST  |clk_BUFGP         |   0.000|
text_out<120>|        10.491(R)|      SLOW  |         3.511(R)|      FAST  |clk_BUFGP         |   0.000|
text_out<121>|        10.496(R)|      SLOW  |         3.513(R)|      FAST  |clk_BUFGP         |   0.000|
text_out<122>|        10.635(R)|      SLOW  |         3.562(R)|      FAST  |clk_BUFGP         |   0.000|
text_out<123>|        10.568(R)|      SLOW  |         3.524(R)|      FAST  |clk_BUFGP         |   0.000|
text_out<124>|        10.830(R)|      SLOW  |         3.641(R)|      FAST  |clk_BUFGP         |   0.000|
text_out<125>|        10.602(R)|      SLOW  |         3.516(R)|      FAST  |clk_BUFGP         |   0.000|
text_out<126>|        10.791(R)|      SLOW  |         3.651(R)|      FAST  |clk_BUFGP         |   0.000|
text_out<127>|        11.005(R)|      SLOW  |         3.744(R)|      FAST  |clk_BUFGP         |   0.000|
valid_out    |        10.710(R)|      SLOW  |         3.588(R)|      FAST  |clk_BUFGP         |   0.000|
-------------+-----------------+------------+-----------------+------------+------------------+--------+

Clock to Setup on destination clock clk
---------------+---------+---------+---------+---------+
               | Src:Rise| Src:Fall| Src:Rise| Src:Fall|
Source Clock   |Dest:Rise|Dest:Rise|Dest:Fall|Dest:Fall|
---------------+---------+---------+---------+---------+
clk            |    4.643|         |         |         |
---------------+---------+---------+---------+---------+


Analysis completed Mon Mar 23 19:04:07 2020 
--------------------------------------------------------------------------------

Trace Settings:
-------------------------
Trace Settings 

Peak Memory Usage: 5050 MB



